[2017-06-30 21:15:35] : Starting single thread, affinity: 0.
[2017-06-30 21:15:35] : Starting single thread, affinity: 1.
[2017-06-30 21:15:35] : MEMORY ALLOC FAILED: VirtualAlloc failed.
[2017-06-30 21:15:35] : Starting single thread, affinity: 2.
[2017-06-30 21:15:35] : MEMORY ALLOC FAILED: VirtualAlloc failed.
[2017-06-30 21:15:35] : Connecting to pool pool.minexmr.com:5555 ...
[2017-06-30 21:15:35] : MEMORY ALLOC FAILED: VirtualAlloc failed.
[2017-06-30 21:15:37] : Connected. Logging in...
[2017-06-30 21:15:38] : Difficulty changed. Now: 10000.
[2017-06-30 21:15:38] : New block detected.
HASHRATE REPORT
| ID | 2.5s |  60s |  15m | ID | 2.5s |  60s |  15m |
|  0 | (na) | 2.4 | (na) |  1 | (na) | 3.0 | (na) |
|  2 | (na) | 4.3 | (na) |
-----------------------------------------------------
Totals:   (na) 9.6 (na) H/s
Highest:  0.0 H/s
HASHRATE REPORT
| ID | 2.5s |  60s |  15m | ID | 2.5s |  60s |  15m |
|  0 | (na) | 3.3 | (na) |  1 | (na) | 4.1 | (na) |
|  2 | (na) | 5.0 | (na) |
-----------------------------------------------------
Totals:   (na) 12.3 (na) H/s
Highest:  0.0 H/s
HASHRATE REPORT
| ID | 2.5s |  60s |  15m | ID | 2.5s |  60s |  15m |
|  0 | (na) | 3.1 | (na) |  1 | (na) | 3.7 | (na) |
|  2 | (na) | 4.7 | (na) |
-----------------------------------------------------
Totals:   (na) 11.5 (na) H/s
Highest:  0.0 H/s
[2017-06-30 21:19:13] : Difficulty changed. Now: 6977.
[2017-06-30 21:19:13] : New block detected.
[2017-06-30 21:19:42] : Result accepted by the pool.
[2017-06-30 21:19:43] : Difficulty changed. Now: 10466.
[2017-06-30 21:19:43] : New block detected.
HASHRATE REPORT
| ID | 2.5s |  60s |  15m | ID | 2.5s |  60s |  15m |
|  0 | (na) | 3.5 | (na) |  1 | (na) | 4.4 | (na) |
|  2 | (na) | 5.2 | (na) |
-----------------------------------------------------
Totals:   (na) 13.0 (na) H/s
Highest:  0.0 H/s
HASHRATE REPORT
| ID | 2.5s |  60s |  15m | ID | 2.5s |  60s |  15m |
|  0 | (na) | 2.1 | (na) |  1 | (na) | 3.5 | (na) |
|  2 | (na) | 4.7 | (na) |
-----------------------------------------------------
Totals:   (na) 10.2 (na) H/s
Highest:  0.0 H/s
[2017-06-30 21:22:10] : New block detected.
HASHRATE REPORT
| ID | 2.5s |  60s |  15m | ID | 2.5s |  60s |  15m |
|  0 | (na) | 3.5 | (na) |  1 | 7.5 | 4.6 | (na) |
|  2 | (na) | 5.2 | (na) |
-----------------------------------------------------
Totals:   (na) 13.3 (na) H/s
Highest:  0.0 H/s
[2017-06-30 21:23:13] : Difficulty changed. Now: 7405.
[2017-06-30 21:23:13] : New block detected.
HASHRATE REPORT
| ID | 2.5s |  60s |  15m | ID | 2.5s |  60s |  15m |
|  0 | (na) | 3.6 | (na) |  1 | (na) | 4.3 | (na) |
|  2 | (na) | 5.5 | (na) |
-----------------------------------------------------
Totals:   (na) 13.4 (na) H/s
Highest:  0.0 H/s
[2017-06-30 21:23:35] : New block detected.
HASHRATE REPORT
| ID | 2.5s |  60s |  15m | ID | 2.5s |  60s |  15m |
|  0 | (na) | 3.5 | (na) |  1 | (na) | 4.3 | (na) |
|  2 | (na) | 5.2 | (na) |
-----------------------------------------------------
Totals:   (na) 13.0 (na) H/s
Highest:  0.0 H/s
